<?xml version="1.0" encoding="UTF-8"?>
<testng-results skipped="0" failed="0" ignored="0" total="1" passed="1">
  <reporter-output>
  </reporter-output>
  <suite name="Suite" duration-ms="9444" started-at="2018-02-24T19:52:15Z" finished-at="2018-02-24T19:52:25Z">
    <groups>
    </groups>
    <test name="Test" duration-ms="9444" started-at="2018-02-24T19:52:15Z" finished-at="2018-02-24T19:52:25Z">
      <class name="TestPackage.NewTest">
        <test-method status="PASS" signature="beforeTest()[pri:0, instance:TestPackage.NewTest@5d624da6]" name="beforeTest" is-config="true" duration-ms="6007" started-at="2018-02-24T19:52:15Z" finished-at="2018-02-24T19:52:21Z">
          <reporter-output>
          </reporter-output>
        </test-method> <!-- beforeTest -->
        <test-method status="PASS" signature="MavernTest()[pri:0, instance:TestPackage.NewTest@5d624da6]" name="MavernTest" duration-ms="2595" started-at="2018-02-24T19:52:21Z" finished-at="2018-02-24T19:52:24Z">
          <reporter-output>
          </reporter-output>
        </test-method> <!-- MavernTest -->
        <test-method status="PASS" signature="afterTest()[pri:0, instance:TestPackage.NewTest@5d624da6]" name="afterTest" is-config="true" duration-ms="829" started-at="2018-02-24T19:52:24Z" finished-at="2018-02-24T19:52:25Z">
          <reporter-output>
          </reporter-output>
        </test-method> <!-- afterTest -->
      </class> <!-- TestPackage.NewTest -->
    </test> <!-- Test -->
  </suite> <!-- Suite -->
</testng-results>
