<?xml version="1.0" encoding="UTF-8"?>
<testng-results skipped="0" failed="0" ignored="0" total="1" passed="1">
  <reporter-output>
  </reporter-output>
  <suite name="Default suite" duration-ms="9036" started-at="2018-02-24T18:12:35Z" finished-at="2018-02-24T18:12:44Z">
    <groups>
    </groups>
    <test name="Default test" duration-ms="9036" started-at="2018-02-24T18:12:35Z" finished-at="2018-02-24T18:12:44Z">
      <class name="TestPackage.NewTest">
        <test-method status="PASS" signature="beforeTest()[pri:0, instance:TestPackage.NewTest@26653222]" name="beforeTest" is-config="true" duration-ms="6189" started-at="2018-02-24T18:12:35Z" finished-at="2018-02-24T18:12:41Z">
          <reporter-output>
          </reporter-output>
        </test-method> <!-- beforeTest -->
        <test-method status="PASS" signature="MavernTest()[pri:0, instance:TestPackage.NewTest@26653222]" name="MavernTest" duration-ms="1966" started-at="2018-02-24T18:12:41Z" finished-at="2018-02-24T18:12:43Z">
          <reporter-output>
          </reporter-output>
        </test-method> <!-- MavernTest -->
        <test-method status="PASS" signature="afterTest()[pri:0, instance:TestPackage.NewTest@26653222]" name="afterTest" is-config="true" duration-ms="845" started-at="2018-02-24T18:12:43Z" finished-at="2018-02-24T18:12:44Z">
          <reporter-output>
          </reporter-output>
        </test-method> <!-- afterTest -->
      </class> <!-- TestPackage.NewTest -->
    </test> <!-- Default test -->
  </suite> <!-- Default suite -->
</testng-results>
